1 : package io;
2 : 
3 : import java.io.BufferedReader;
4 : import java.io.BufferedWriter;
5 : import java.io.FileWriter;
6 : import java.io.IOException;
7 : import java.io.PrintWriter;
8 : import java.io.StringReader;
9 : 
10: public class BasicFileOutput {
11: 	static String file = "src/io/BasicFileOutput.out";
12: 	public static void main(String[] args) throws IOException {
13: 		BufferedReader in = new BufferedReader(
14: 				new StringReader(BufferedInputFile.read("src/io/BasicFileOutput.java")
15: 						)
16: 				);
17: 		PrintWriter out = new PrintWriter(
18: 				new BufferedWriter(new FileWriter(file)));
19: 		int linecount = 1;
20: 		String s;
21: 		while((s = in.readLine()) != null) {
22: 			out.println(linecount++ + (linecount <= 10 ? " : " : ": ") + s);
23: 		}
24: 		out.flush();
25: //		out.close();	
26: 		System.out.println(BufferedInputFile.read(file));
27: 	}
28: }
